  Array.cpp
G:\ITMO\Algo\Lab2\Array\Array\MyArray.h(228,1): warning C4267: инициализация: преобразование из "size_t" в "int"; возможна потеря данных
G:\ITMO\Algo\Lab2\Array\Array\MyArray.h(217): message : во время компиляции функции-члена класс шаблон "int MyArray<std::string>::insert(int,const T &)"
          with
          [
              T=std::string
          ]
G:\ITMO\Algo\Lab2\Array\Array\Array.cpp(17): message : выполняется компиляция ссылки на экземпляр шаблон функции "int MyArray<std::string>::insert(int,const T &)"
          with
          [
              T=std::string
          ]
G:\ITMO\Algo\Lab2\Array\Array\Array.cpp(11): message : выполняется компиляция ссылки на экземпляр класс шаблон функции "MyArray<std::string>"
G:\ITMO\Algo\Lab2\Array\Array\MyArray.h(211,1): warning C4267: return: преобразование из "size_t" в "int"; возможна потеря данных
G:\ITMO\Algo\Lab2\Array\Array\MyArray.h(203): message : во время компиляции функции-члена класс шаблон "int MyArray<std::string>::insert(const T &)"
          with
          [
              T=std::string
          ]
G:\ITMO\Algo\Lab2\Array\Array\Array.cpp(12): message : выполняется компиляция ссылки на экземпляр шаблон функции "int MyArray<std::string>::insert(const T &)"
          with
          [
              T=std::string
          ]
  Array.vcxproj -> G:\ITMO\Algo\Lab2\Array\x64\Debug\Array.exe
